{"total": {"lines":{"total":35,"covered":22,"skipped":0,"pct":62.85},"statements":{"total":35,"covered":22,"skipped":0,"pct":62.85},"functions":{"total":3,"covered":1,"skipped":0,"pct":33.33},"branches":{"total":8,"covered":5,"skipped":0,"pct":62.5},"branchesTrue":{"total":0,"covered":0,"skipped":0,"pct":100}}
,"C:\\Users\\juana\\Desktop\\pico-placa_predictor\\src\\App.tsx": {"lines":{"total":4,"covered":0,"skipped":0,"pct":0},"functions":{"total":1,"covered":0,"skipped":0,"pct":0},"statements":{"total":4,"covered":0,"skipped":0,"pct":0},"branches":{"total":1,"covered":0,"skipped":0,"pct":0}}
,"C:\\Users\\juana\\Desktop\\pico-placa_predictor\\src\\main.tsx": {"lines":{"total":9,"covered":0,"skipped":0,"pct":0},"functions":{"total":1,"covered":0,"skipped":0,"pct":0},"statements":{"total":9,"covered":0,"skipped":0,"pct":0},"branches":{"total":1,"covered":0,"skipped":0,"pct":0}}
,"C:\\Users\\juana\\Desktop\\pico-placa_predictor\\src\\components\\Button.tsx": {"lines":{"total":22,"covered":22,"skipped":0,"pct":100},"functions":{"total":1,"covered":1,"skipped":0,"pct":100},"statements":{"total":22,"covered":22,"skipped":0,"pct":100},"branches":{"total":6,"covered":5,"skipped":0,"pct":83.33}}
}
