{"C:\\Users\\juana\\Desktop\\pico-placa_predictor\\src\\App.tsx": {"path":"C:\\Users\\juana\\Desktop\\pico-placa_predictor\\src\\App.tsx","all":true,"statementMap":{"0":{"start":{"line":1,"column":0},"end":{"line":1,"column":16}},"1":{"start":{"line":2,"column":0},"end":{"line":2,"column":19}},"2":{"start":{"line":3,"column":0},"end":{"line":3,"column":1}},"4":{"start":{"line":5,"column":0},"end":{"line":5,"column":19}}},"s":{"0":0,"1":0,"2":0,"4":0},"branchMap":{"0":{"type":"branch","line":1,"loc":{"start":{"line":1,"column":63},"end":{"line":5,"column":19}},"locations":[{"start":{"line":1,"column":63},"end":{"line":5,"column":19}}]}},"b":{"0":[0]},"fnMap":{"0":{"name":"(empty-report)","decl":{"start":{"line":1,"column":63},"end":{"line":5,"column":19}},"loc":{"start":{"line":1,"column":63},"end":{"line":5,"column":19}},"line":1}},"f":{"0":0}}
,"C:\\Users\\juana\\Desktop\\pico-placa_predictor\\src\\main.tsx": {"path":"C:\\Users\\juana\\Desktop\\pico-placa_predictor\\src\\main.tsx","all":true,"statementMap":{"0":{"start":{"line":1,"column":0},"end":{"line":1,"column":35}},"1":{"start":{"line":2,"column":0},"end":{"line":2,"column":46}},"2":{"start":{"line":3,"column":0},"end":{"line":3,"column":28}},"3":{"start":{"line":4,"column":0},"end":{"line":4,"column":28}},"5":{"start":{"line":6,"column":0},"end":{"line":6,"column":52}},"6":{"start":{"line":7,"column":0},"end":{"line":7,"column":14}},"7":{"start":{"line":8,"column":0},"end":{"line":8,"column":11}},"8":{"start":{"line":9,"column":0},"end":{"line":9,"column":15}},"9":{"start":{"line":10,"column":0},"end":{"line":10,"column":2}}},"s":{"0":0,"1":0,"2":0,"3":0,"5":0,"6":0,"7":0,"8":0,"9":0},"branchMap":{"0":{"type":"branch","line":1,"loc":{"start":{"line":1,"column":214},"end":{"line":10,"column":-156}},"locations":[{"start":{"line":1,"column":214},"end":{"line":10,"column":-156}}]}},"b":{"0":[0]},"fnMap":{"0":{"name":"(empty-report)","decl":{"start":{"line":1,"column":214},"end":{"line":10,"column":-156}},"loc":{"start":{"line":1,"column":214},"end":{"line":10,"column":-156}},"line":1}},"f":{"0":0}}
,"C:\\Users\\juana\\Desktop\\pico-placa_predictor\\src\\components\\Button.tsx": {"path":"C:\\Users\\juana\\Desktop\\pico-placa_predictor\\src\\components\\Button.tsx","all":false,"statementMap":{"0":{"start":{"line":1,"column":0},"end":{"line":1,"column":30}},"1":{"start":{"line":2,"column":0},"end":{"line":2,"column":26}},"11":{"start":{"line":12,"column":0},"end":{"line":12,"column":40}},"12":{"start":{"line":13,"column":0},"end":{"line":13,"column":8}},"13":{"start":{"line":14,"column":0},"end":{"line":14,"column":7}},"14":{"start":{"line":15,"column":0},"end":{"line":15,"column":10}},"15":{"start":{"line":16,"column":0},"end":{"line":16,"column":22}},"16":{"start":{"line":17,"column":0},"end":{"line":17,"column":19}},"17":{"start":{"line":18,"column":0},"end":{"line":18,"column":7}},"18":{"start":{"line":19,"column":0},"end":{"line":19,"column":52}},"19":{"start":{"line":20,"column":0},"end":{"line":20,"column":39}},"20":{"start":{"line":21,"column":0},"end":{"line":21,"column":5}},"22":{"start":{"line":23,"column":0},"end":{"line":23,"column":10}},"23":{"start":{"line":24,"column":0},"end":{"line":24,"column":11}},"24":{"start":{"line":25,"column":0},"end":{"line":25,"column":46}},"25":{"start":{"line":26,"column":0},"end":{"line":26,"column":31}},"26":{"start":{"line":27,"column":0},"end":{"line":27,"column":25}},"28":{"start":{"line":29,"column":0},"end":{"line":29,"column":70}},"29":{"start":{"line":30,"column":0},"end":{"line":30,"column":26}},"30":{"start":{"line":31,"column":0},"end":{"line":31,"column":13}},"32":{"start":{"line":33,"column":0},"end":{"line":33,"column":2}},"34":{"start":{"line":35,"column":0},"end":{"line":35,"column":22}}},"s":{"0":1,"1":1,"11":1,"12":3,"13":3,"14":3,"15":3,"16":3,"17":3,"18":3,"19":3,"20":3,"22":3,"23":3,"24":3,"25":3,"26":3,"28":3,"29":3,"30":3,"32":3,"34":1},"branchMap":{"0":{"type":"branch","line":12,"loc":{"start":{"line":12,"column":38},"end":{"line":33,"column":2}},"locations":[{"start":{"line":12,"column":38},"end":{"line":33,"column":2}}]},"1":{"type":"branch","line":20,"loc":{"start":{"line":20,"column":4},"end":{"line":20,"column":37}},"locations":[{"start":{"line":20,"column":4},"end":{"line":20,"column":37}}]},"2":{"type":"branch","line":20,"loc":{"start":{"line":20,"column":15},"end":{"line":20,"column":39}},"locations":[{"start":{"line":20,"column":15},"end":{"line":20,"column":39}}]},"3":{"type":"branch","line":25,"loc":{"start":{"line":25,"column":15},"end":{"line":25,"column":38}},"locations":[{"start":{"line":25,"column":15},"end":{"line":25,"column":38}}]},"4":{"type":"branch","line":25,"loc":{"start":{"line":25,"column":26},"end":{"line":25,"column":46}},"locations":[{"start":{"line":25,"column":26},"end":{"line":25,"column":46}}]},"5":{"type":"branch","line":29,"loc":{"start":{"line":29,"column":7},"end":{"line":29,"column":70}},"locations":[{"start":{"line":29,"column":7},"end":{"line":29,"column":70}}]}},"b":{"0":[3],"1":[1],"2":[2],"3":[1],"4":[2],"5":[0]},"fnMap":{"0":{"name":"Button","decl":{"start":{"line":12,"column":38},"end":{"line":33,"column":2}},"loc":{"start":{"line":12,"column":38},"end":{"line":33,"column":2}},"line":12}},"f":{"0":3}}
}
