TN:
SF:src\App.tsx
FN:4,App
FNF:1
FNH:1
FNDA:1,App
DA:1,1
DA:2,1
DA:4,1
DA:5,1
DA:6,1
DA:7,1
DA:8,1
DA:10,1
DA:12,1
LF:9
LH:9
BRDA:4,0,0,1
BRF:1
BRH:1
end_of_record
TN:
SF:src\main.tsx
FNF:0
FNH:0
DA:1,1
DA:2,1
DA:3,1
DA:4,1
DA:6,1
DA:7,1
DA:8,1
DA:9,1
DA:10,1
LF:9
LH:9
BRF:0
BRH:0
end_of_record
TN:
SF:src\components\Button.tsx
FN:5,Button
FNF:1
FNH:1
FNDA:5,Button
DA:1,1
DA:2,1
DA:5,1
DA:6,5
DA:7,5
DA:8,5
DA:9,5
DA:10,5
DA:11,5
DA:12,5
DA:13,5
DA:14,5
DA:16,5
DA:17,5
DA:18,5
DA:19,5
DA:20,5
DA:22,5
DA:23,5
DA:24,5
DA:26,5
DA:28,1
LF:22
LH:22
BRDA:5,0,0,5
BRDA:13,1,0,1
BRDA:13,2,0,4
BRDA:18,3,0,1
BRDA:18,4,0,4
BRDA:22,5,0,1
BRF:6
BRH:6
end_of_record
TN:
SF:src\components\Container.tsx
FN:4,Container
FNF:1
FNH:1
FNDA:5,Container
DA:1,1
DA:4,5
DA:5,5
DA:6,5
LF:4
LH:4
BRDA:4,0,0,5
BRF:1
BRH:1
end_of_record
TN:
SF:src\components\PageHeader.tsx
FN:4,PageHeader
FNF:1
FNH:1
FNDA:6,PageHeader
DA:1,1
DA:4,6
DA:5,6
DA:6,6
DA:7,6
DA:8,6
DA:9,6
DA:11,6
LF:8
LH:8
BRDA:4,0,0,6
BRDA:7,1,0,5
BRDA:8,2,0,4
BRF:3
BRH:3
end_of_record
TN:
SF:src\components\Sidebar\Sidebar.tsx
FN:8,Sidebar
FN:17,toggle
FNF:2
FNH:2
FNDA:7,Sidebar
FNDA:1,toggle
DA:1,1
DA:2,1
DA:3,1
DA:4,1
DA:5,1
DA:8,7
DA:9,7
DA:10,7
DA:12,7
DA:13,7
DA:14,7
DA:15,7
DA:16,7
DA:17,7
DA:18,7
DA:19,7
DA:20,7
DA:21,14
DA:22,14
DA:23,14
DA:24,14
DA:25,14
DA:26,14
DA:27,14
DA:28,14
DA:29,7
DA:30,7
DA:31,7
DA:32,7
DA:34,7
LF:30
LH:30
BRDA:8,0,0,7
BRDA:13,1,0,1
BRDA:13,2,0,6
BRDA:17,3,0,1
BRDA:20,4,0,14
BRF:5
BRH:5
end_of_record
TN:
SF:src\components\Sidebar\SidebarHeader.tsx
FN:4,SidebarHeader
FNF:1
FNH:1
FNDA:12,SidebarHeader
DA:1,1
DA:4,12
DA:5,12
DA:6,12
DA:7,12
DA:8,12
DA:9,12
DA:10,12
DA:11,12
DA:12,12
DA:13,12
DA:14,12
DA:15,3
DA:16,9
DA:18,12
DA:19,12
DA:20,12
DA:21,12
DA:22,12
DA:24,12
LF:20
LH:20
BRDA:4,0,0,12
BRDA:10,1,0,9
BRDA:14,2,0,3
BRDA:15,3,0,9
BRF:4
BRH:4
end_of_record
TN:
SF:src\components\Sidebar\SidebarLink.tsx
FN:5,SidebarLink
FNF:1
FNH:1
FNDA:14,SidebarLink
DA:1,1
DA:2,1
DA:5,14
DA:6,14
DA:7,14
DA:8,14
DA:9,14
DA:10,14
DA:11,14
DA:12,14
DA:13,14
DA:14,14
DA:15,14
DA:17,14
DA:18,14
DA:19,14
DA:21,14
LF:17
LH:17
BRDA:5,0,0,14
BRDA:15,1,0,7
BRDA:15,2,0,7
BRDA:18,3,0,12
BRF:4
BRH:4
end_of_record
TN:
SF:src\hooks\useSidebarLinks.ts
FN:3,useSidebarLinks
FNF:1
FNH:1
FNDA:3,useSidebarLinks
DA:3,1
DA:4,3
DA:5,3
DA:6,3
DA:7,3
DA:8,3
LF:6
LH:6
BRDA:3,0,0,3
BRF:1
BRH:1
end_of_record
TN:
SF:src\layout\DashboardLayout.tsx
FN:6,DashboardLayout
FNF:1
FNH:1
FNDA:3,DashboardLayout
DA:1,1
DA:2,1
DA:3,1
DA:4,1
DA:6,3
DA:7,3
DA:9,3
DA:10,3
DA:11,3
DA:12,3
DA:13,3
DA:15,3
LF:12
LH:12
BRDA:6,0,0,3
BRF:1
BRH:1
end_of_record
TN:
SF:src\layout\DashboardMain.tsx
FN:5,DashboardMain
FNF:1
FNH:1
FNDA:3,DashboardMain
DA:1,1
DA:2,1
DA:3,1
DA:5,3
DA:6,3
DA:7,3
DA:8,3
DA:9,3
DA:10,3
DA:11,3
DA:13,3
LF:11
LH:11
BRDA:5,0,0,3
BRF:1
BRH:1
end_of_record
TN:
SF:src\pages\AboutPage.tsx
FN:3,AboutPage
FNF:1
FNH:1
FNDA:1,AboutPage
DA:1,1
DA:3,1
DA:4,1
DA:5,1
DA:6,1
DA:7,1
DA:8,1
DA:10,1
DA:12,1
LF:9
LH:9
BRDA:3,0,0,1
BRF:1
BRH:1
end_of_record
TN:
SF:src\pages\PredictorPage.tsx
FN:3,PredictorPage
FNF:1
FNH:1
FNDA:2,PredictorPage
DA:1,1
DA:3,1
DA:4,2
DA:5,2
DA:6,2
DA:7,2
DA:8,2
DA:10,2
DA:12,1
LF:9
LH:9
BRDA:3,0,0,2
BRF:1
BRH:1
end_of_record
TN:
SF:src\routes\routes.tsx
FN:6,RoutesConfig
FNF:1
FNH:1
FNDA:3,RoutesConfig
DA:1,1
DA:2,1
DA:3,1
DA:4,1
DA:6,3
DA:7,3
DA:8,3
DA:9,3
DA:10,3
DA:11,3
DA:12,3
DA:13,3
DA:15,3
LF:13
LH:13
BRDA:6,0,0,3
BRF:1
BRH:1
end_of_record
TN:
SF:src\types\Button.types.ts
FN:1,(empty-report)
FNF:1
FNH:1
FNDA:1,(empty-report)
LF:0
LH:0
BRDA:1,0,0,1
BRF:1
BRH:1
end_of_record
TN:
SF:src\types\Container.types.ts
FN:1,(empty-report)
FNF:1
FNH:1
FNDA:1,(empty-report)
LF:0
LH:0
BRDA:1,0,0,1
BRF:1
BRH:1
end_of_record
TN:
SF:src\types\PageHeader.types.ts
FN:1,(empty-report)
FNF:1
FNH:1
FNDA:1,(empty-report)
LF:0
LH:0
BRDA:1,0,0,1
BRF:1
BRH:1
end_of_record
TN:
SF:src\types\Sidebar.types.ts
FN:1,(empty-report)
FNF:1
FNH:1
FNDA:1,(empty-report)
LF:0
LH:0
BRDA:1,0,0,1
BRF:1
BRH:1
end_of_record
TN:
SF:src\types\SidebarHeader.types.ts
FN:1,(empty-report)
FNF:1
FNH:1
FNDA:1,(empty-report)
LF:0
LH:0
BRDA:1,0,0,1
BRF:1
BRH:1
end_of_record
TN:
SF:src\types\SidebarLink.types.ts
FN:1,(empty-report)
FNF:1
FNH:1
FNDA:1,(empty-report)
LF:0
LH:0
BRDA:1,0,0,1
BRF:1
BRH:1
end_of_record
